<?xml version="1.0" encoding="UTF-8"?>
<!-- Generated by org.testng.reporters.JUnitReportReporter -->
<testsuite skipped="0" hostname="LFR038542" name="sgt.tchateau.seleniumautomation11.ValidateNavigationBar" tests="1" failures="0" timestamp="2019-10-31T16:57:15 CET" time="0.105" errors="0">
  <testcase name="baseNavigation" time="0.105" classname="sgt.tchateau.seleniumautomation11.ValidateNavigationBar"/>
</testsuite> <!-- sgt.tchateau.seleniumautomation11.ValidateNavigationBar -->
