<?xml version="1.0" encoding="UTF-8"?>
<!-- Generated by org.testng.reporters.JUnitReportReporter -->
<testsuite skipped="0" hostname="LFR038542" name="sgt.tchateau.seleniumautomation11.HomePage" tests="2" failures="0" timestamp="2019-10-31T16:59:35 CET" time="4.483" errors="0">
  <testcase name="basePageNavigation" time="0.754" classname="sgt.tchateau.seleniumautomation11.HomePage"/>
  <testcase name="basePageNavigation" time="3.729" classname="sgt.tchateau.seleniumautomation11.HomePage"/>
</testsuite> <!-- sgt.tchateau.seleniumautomation11.HomePage -->
