<?xml version="1.0" encoding="UTF-8"?>
<!-- Generated by org.testng.reporters.JUnitReportReporter -->
<testsuite skipped="0" hostname="LFR038542" name="sgt.tchateau.seleniumautomation11.ValidateNavigationBar" tests="1" failures="0" timestamp="04 Nov 2019 09:05:54 GMT" time="0.267" errors="0">
  <testcase name="baseNavigation" time="0.267" classname="sgt.tchateau.seleniumautomation11.ValidateNavigationBar"/>
</testsuite> <!-- sgt.tchateau.seleniumautomation11.ValidateNavigationBar -->
