<?xml version="1.0" encoding="UTF-8"?>
<!-- Generated by org.testng.reporters.JUnitReportReporter -->
<testsuite skipped="0" hostname="LFR038542" name="sgt.tchateau.seleniumautomation11.HomePage" tests="2" failures="0" timestamp="04 Nov 2019 09:05:54 GMT" time="4.682" errors="0">
  <testcase name="basePageNavigation" time="3.593" classname="sgt.tchateau.seleniumautomation11.HomePage"/>
  <testcase name="basePageNavigation" time="1.089" classname="sgt.tchateau.seleniumautomation11.HomePage"/>
</testsuite> <!-- sgt.tchateau.seleniumautomation11.HomePage -->
